[2021-04-11T19:37:03,553][ERROR][o.e.b.Bootstrap          ] Exception
java.lang.RuntimeException: can not run elasticsearch as root
	at org.elasticsearch.bootstrap.Bootstrap.initializeNatives(Bootstrap.java:100) ~[elasticsearch-5.1.1.jar:5.1.1]
	at org.elasticsearch.bootstrap.Bootstrap.setup(Bootstrap.java:176) ~[elasticsearch-5.1.1.jar:5.1.1]
	at org.elasticsearch.bootstrap.Bootstrap.init(Bootstrap.java:306) [elasticsearch-5.1.1.jar:5.1.1]
	at org.elasticsearch.bootstrap.Elasticsearch.init(Elasticsearch.java:121) [elasticsearch-5.1.1.jar:5.1.1]
	at org.elasticsearch.bootstrap.Elasticsearch.execute(Elasticsearch.java:112) [elasticsearch-5.1.1.jar:5.1.1]
	at org.elasticsearch.cli.SettingCommand.execute(SettingCommand.java:54) [elasticsearch-5.1.1.jar:5.1.1]
	at org.elasticsearch.cli.Command.mainWithoutErrorHandling(Command.java:96) [elasticsearch-5.1.1.jar:5.1.1]
	at org.elasticsearch.cli.Command.main(Command.java:62) [elasticsearch-5.1.1.jar:5.1.1]
	at org.elasticsearch.bootstrap.Elasticsearch.main(Elasticsearch.java:89) [elasticsearch-5.1.1.jar:5.1.1]
	at org.elasticsearch.bootstrap.Elasticsearch.main(Elasticsearch.java:82) [elasticsearch-5.1.1.jar:5.1.1]
[2021-04-11T19:37:03,570][WARN ][o.e.b.ElasticsearchUncaughtExceptionHandler] [] uncaught exception in thread [main]
org.elasticsearch.bootstrap.StartupException: java.lang.RuntimeException: can not run elasticsearch as root
	at org.elasticsearch.bootstrap.Elasticsearch.init(Elasticsearch.java:125) ~[elasticsearch-5.1.1.jar:5.1.1]
	at org.elasticsearch.bootstrap.Elasticsearch.execute(Elasticsearch.java:112) ~[elasticsearch-5.1.1.jar:5.1.1]
	at org.elasticsearch.cli.SettingCommand.execute(SettingCommand.java:54) ~[elasticsearch-5.1.1.jar:5.1.1]
	at org.elasticsearch.cli.Command.mainWithoutErrorHandling(Command.java:96) ~[elasticsearch-5.1.1.jar:5.1.1]
	at org.elasticsearch.cli.Command.main(Command.java:62) ~[elasticsearch-5.1.1.jar:5.1.1]
	at org.elasticsearch.bootstrap.Elasticsearch.main(Elasticsearch.java:89) ~[elasticsearch-5.1.1.jar:5.1.1]
	at org.elasticsearch.bootstrap.Elasticsearch.main(Elasticsearch.java:82) ~[elasticsearch-5.1.1.jar:5.1.1]
Caused by: java.lang.RuntimeException: can not run elasticsearch as root
	at org.elasticsearch.bootstrap.Bootstrap.initializeNatives(Bootstrap.java:100) ~[elasticsearch-5.1.1.jar:5.1.1]
	at org.elasticsearch.bootstrap.Bootstrap.setup(Bootstrap.java:176) ~[elasticsearch-5.1.1.jar:5.1.1]
	at org.elasticsearch.bootstrap.Bootstrap.init(Bootstrap.java:306) ~[elasticsearch-5.1.1.jar:5.1.1]
	at org.elasticsearch.bootstrap.Elasticsearch.init(Elasticsearch.java:121) ~[elasticsearch-5.1.1.jar:5.1.1]
	... 6 more
[2021-04-11T19:37:31,649][ERROR][o.e.b.Bootstrap          ] Exception
java.lang.RuntimeException: can not run elasticsearch as root
	at org.elasticsearch.bootstrap.Bootstrap.initializeNatives(Bootstrap.java:100) ~[elasticsearch-5.1.1.jar:5.1.1]
	at org.elasticsearch.bootstrap.Bootstrap.setup(Bootstrap.java:176) ~[elasticsearch-5.1.1.jar:5.1.1]
	at org.elasticsearch.bootstrap.Bootstrap.init(Bootstrap.java:306) [elasticsearch-5.1.1.jar:5.1.1]
	at org.elasticsearch.bootstrap.Elasticsearch.init(Elasticsearch.java:121) [elasticsearch-5.1.1.jar:5.1.1]
	at org.elasticsearch.bootstrap.Elasticsearch.execute(Elasticsearch.java:112) [elasticsearch-5.1.1.jar:5.1.1]
	at org.elasticsearch.cli.SettingCommand.execute(SettingCommand.java:54) [elasticsearch-5.1.1.jar:5.1.1]
	at org.elasticsearch.cli.Command.mainWithoutErrorHandling(Command.java:96) [elasticsearch-5.1.1.jar:5.1.1]
	at org.elasticsearch.cli.Command.main(Command.java:62) [elasticsearch-5.1.1.jar:5.1.1]
	at org.elasticsearch.bootstrap.Elasticsearch.main(Elasticsearch.java:89) [elasticsearch-5.1.1.jar:5.1.1]
	at org.elasticsearch.bootstrap.Elasticsearch.main(Elasticsearch.java:82) [elasticsearch-5.1.1.jar:5.1.1]
[2021-04-11T19:37:31,672][WARN ][o.e.b.ElasticsearchUncaughtExceptionHandler] [] uncaught exception in thread [main]
org.elasticsearch.bootstrap.StartupException: java.lang.RuntimeException: can not run elasticsearch as root
	at org.elasticsearch.bootstrap.Elasticsearch.init(Elasticsearch.java:125) ~[elasticsearch-5.1.1.jar:5.1.1]
	at org.elasticsearch.bootstrap.Elasticsearch.execute(Elasticsearch.java:112) ~[elasticsearch-5.1.1.jar:5.1.1]
	at org.elasticsearch.cli.SettingCommand.execute(SettingCommand.java:54) ~[elasticsearch-5.1.1.jar:5.1.1]
	at org.elasticsearch.cli.Command.mainWithoutErrorHandling(Command.java:96) ~[elasticsearch-5.1.1.jar:5.1.1]
	at org.elasticsearch.cli.Command.main(Command.java:62) ~[elasticsearch-5.1.1.jar:5.1.1]
	at org.elasticsearch.bootstrap.Elasticsearch.main(Elasticsearch.java:89) ~[elasticsearch-5.1.1.jar:5.1.1]
	at org.elasticsearch.bootstrap.Elasticsearch.main(Elasticsearch.java:82) ~[elasticsearch-5.1.1.jar:5.1.1]
Caused by: java.lang.RuntimeException: can not run elasticsearch as root
	at org.elasticsearch.bootstrap.Bootstrap.initializeNatives(Bootstrap.java:100) ~[elasticsearch-5.1.1.jar:5.1.1]
	at org.elasticsearch.bootstrap.Bootstrap.setup(Bootstrap.java:176) ~[elasticsearch-5.1.1.jar:5.1.1]
	at org.elasticsearch.bootstrap.Bootstrap.init(Bootstrap.java:306) ~[elasticsearch-5.1.1.jar:5.1.1]
	at org.elasticsearch.bootstrap.Elasticsearch.init(Elasticsearch.java:121) ~[elasticsearch-5.1.1.jar:5.1.1]
	... 6 more
[2021-04-11T19:38:12,343][ERROR][o.e.b.Bootstrap          ] Exception
java.lang.RuntimeException: can not run elasticsearch as root
	at org.elasticsearch.bootstrap.Bootstrap.initializeNatives(Bootstrap.java:100) ~[elasticsearch-5.1.1.jar:5.1.1]
	at org.elasticsearch.bootstrap.Bootstrap.setup(Bootstrap.java:176) ~[elasticsearch-5.1.1.jar:5.1.1]
	at org.elasticsearch.bootstrap.Bootstrap.init(Bootstrap.java:306) [elasticsearch-5.1.1.jar:5.1.1]
	at org.elasticsearch.bootstrap.Elasticsearch.init(Elasticsearch.java:121) [elasticsearch-5.1.1.jar:5.1.1]
	at org.elasticsearch.bootstrap.Elasticsearch.execute(Elasticsearch.java:112) [elasticsearch-5.1.1.jar:5.1.1]
	at org.elasticsearch.cli.SettingCommand.execute(SettingCommand.java:54) [elasticsearch-5.1.1.jar:5.1.1]
	at org.elasticsearch.cli.Command.mainWithoutErrorHandling(Command.java:96) [elasticsearch-5.1.1.jar:5.1.1]
	at org.elasticsearch.cli.Command.main(Command.java:62) [elasticsearch-5.1.1.jar:5.1.1]
	at org.elasticsearch.bootstrap.Elasticsearch.main(Elasticsearch.java:89) [elasticsearch-5.1.1.jar:5.1.1]
	at org.elasticsearch.bootstrap.Elasticsearch.main(Elasticsearch.java:82) [elasticsearch-5.1.1.jar:5.1.1]
[2021-04-11T19:38:12,366][WARN ][o.e.b.ElasticsearchUncaughtExceptionHandler] [] uncaught exception in thread [main]
org.elasticsearch.bootstrap.StartupException: java.lang.RuntimeException: can not run elasticsearch as root
	at org.elasticsearch.bootstrap.Elasticsearch.init(Elasticsearch.java:125) ~[elasticsearch-5.1.1.jar:5.1.1]
	at org.elasticsearch.bootstrap.Elasticsearch.execute(Elasticsearch.java:112) ~[elasticsearch-5.1.1.jar:5.1.1]
	at org.elasticsearch.cli.SettingCommand.execute(SettingCommand.java:54) ~[elasticsearch-5.1.1.jar:5.1.1]
	at org.elasticsearch.cli.Command.mainWithoutErrorHandling(Command.java:96) ~[elasticsearch-5.1.1.jar:5.1.1]
	at org.elasticsearch.cli.Command.main(Command.java:62) ~[elasticsearch-5.1.1.jar:5.1.1]
	at org.elasticsearch.bootstrap.Elasticsearch.main(Elasticsearch.java:89) ~[elasticsearch-5.1.1.jar:5.1.1]
	at org.elasticsearch.bootstrap.Elasticsearch.main(Elasticsearch.java:82) ~[elasticsearch-5.1.1.jar:5.1.1]
Caused by: java.lang.RuntimeException: can not run elasticsearch as root
	at org.elasticsearch.bootstrap.Bootstrap.initializeNatives(Bootstrap.java:100) ~[elasticsearch-5.1.1.jar:5.1.1]
	at org.elasticsearch.bootstrap.Bootstrap.setup(Bootstrap.java:176) ~[elasticsearch-5.1.1.jar:5.1.1]
	at org.elasticsearch.bootstrap.Bootstrap.init(Bootstrap.java:306) ~[elasticsearch-5.1.1.jar:5.1.1]
	at org.elasticsearch.bootstrap.Elasticsearch.init(Elasticsearch.java:121) ~[elasticsearch-5.1.1.jar:5.1.1]
	... 6 more
[2021-04-11T19:41:05,716][ERROR][o.e.b.Bootstrap          ] Exception
java.lang.RuntimeException: can not run elasticsearch as root
	at org.elasticsearch.bootstrap.Bootstrap.initializeNatives(Bootstrap.java:100) ~[elasticsearch-5.1.1.jar:5.1.1]
	at org.elasticsearch.bootstrap.Bootstrap.setup(Bootstrap.java:176) ~[elasticsearch-5.1.1.jar:5.1.1]
	at org.elasticsearch.bootstrap.Bootstrap.init(Bootstrap.java:306) [elasticsearch-5.1.1.jar:5.1.1]
	at org.elasticsearch.bootstrap.Elasticsearch.init(Elasticsearch.java:121) [elasticsearch-5.1.1.jar:5.1.1]
	at org.elasticsearch.bootstrap.Elasticsearch.execute(Elasticsearch.java:112) [elasticsearch-5.1.1.jar:5.1.1]
	at org.elasticsearch.cli.SettingCommand.execute(SettingCommand.java:54) [elasticsearch-5.1.1.jar:5.1.1]
	at org.elasticsearch.cli.Command.mainWithoutErrorHandling(Command.java:96) [elasticsearch-5.1.1.jar:5.1.1]
	at org.elasticsearch.cli.Command.main(Command.java:62) [elasticsearch-5.1.1.jar:5.1.1]
	at org.elasticsearch.bootstrap.Elasticsearch.main(Elasticsearch.java:89) [elasticsearch-5.1.1.jar:5.1.1]
	at org.elasticsearch.bootstrap.Elasticsearch.main(Elasticsearch.java:82) [elasticsearch-5.1.1.jar:5.1.1]
[2021-04-11T19:41:05,753][WARN ][o.e.b.ElasticsearchUncaughtExceptionHandler] [] uncaught exception in thread [main]
org.elasticsearch.bootstrap.StartupException: java.lang.RuntimeException: can not run elasticsearch as root
	at org.elasticsearch.bootstrap.Elasticsearch.init(Elasticsearch.java:125) ~[elasticsearch-5.1.1.jar:5.1.1]
	at org.elasticsearch.bootstrap.Elasticsearch.execute(Elasticsearch.java:112) ~[elasticsearch-5.1.1.jar:5.1.1]
	at org.elasticsearch.cli.SettingCommand.execute(SettingCommand.java:54) ~[elasticsearch-5.1.1.jar:5.1.1]
	at org.elasticsearch.cli.Command.mainWithoutErrorHandling(Command.java:96) ~[elasticsearch-5.1.1.jar:5.1.1]
	at org.elasticsearch.cli.Command.main(Command.java:62) ~[elasticsearch-5.1.1.jar:5.1.1]
	at org.elasticsearch.bootstrap.Elasticsearch.main(Elasticsearch.java:89) ~[elasticsearch-5.1.1.jar:5.1.1]
	at org.elasticsearch.bootstrap.Elasticsearch.main(Elasticsearch.java:82) ~[elasticsearch-5.1.1.jar:5.1.1]
Caused by: java.lang.RuntimeException: can not run elasticsearch as root
	at org.elasticsearch.bootstrap.Bootstrap.initializeNatives(Bootstrap.java:100) ~[elasticsearch-5.1.1.jar:5.1.1]
	at org.elasticsearch.bootstrap.Bootstrap.setup(Bootstrap.java:176) ~[elasticsearch-5.1.1.jar:5.1.1]
	at org.elasticsearch.bootstrap.Bootstrap.init(Bootstrap.java:306) ~[elasticsearch-5.1.1.jar:5.1.1]
	at org.elasticsearch.bootstrap.Elasticsearch.init(Elasticsearch.java:121) ~[elasticsearch-5.1.1.jar:5.1.1]
	... 6 more
[2021-04-11T19:45:30,626][ERROR][o.e.b.Bootstrap          ] Exception
java.lang.RuntimeException: can not run elasticsearch as root
	at org.elasticsearch.bootstrap.Bootstrap.initializeNatives(Bootstrap.java:100) ~[elasticsearch-5.1.1.jar:5.1.1]
	at org.elasticsearch.bootstrap.Bootstrap.setup(Bootstrap.java:176) ~[elasticsearch-5.1.1.jar:5.1.1]
	at org.elasticsearch.bootstrap.Bootstrap.init(Bootstrap.java:306) [elasticsearch-5.1.1.jar:5.1.1]
	at org.elasticsearch.bootstrap.Elasticsearch.init(Elasticsearch.java:121) [elasticsearch-5.1.1.jar:5.1.1]
	at org.elasticsearch.bootstrap.Elasticsearch.execute(Elasticsearch.java:112) [elasticsearch-5.1.1.jar:5.1.1]
	at org.elasticsearch.cli.SettingCommand.execute(SettingCommand.java:54) [elasticsearch-5.1.1.jar:5.1.1]
	at org.elasticsearch.cli.Command.mainWithoutErrorHandling(Command.java:96) [elasticsearch-5.1.1.jar:5.1.1]
	at org.elasticsearch.cli.Command.main(Command.java:62) [elasticsearch-5.1.1.jar:5.1.1]
	at org.elasticsearch.bootstrap.Elasticsearch.main(Elasticsearch.java:89) [elasticsearch-5.1.1.jar:5.1.1]
	at org.elasticsearch.bootstrap.Elasticsearch.main(Elasticsearch.java:82) [elasticsearch-5.1.1.jar:5.1.1]
[2021-04-11T19:45:30,657][WARN ][o.e.b.ElasticsearchUncaughtExceptionHandler] [] uncaught exception in thread [main]
org.elasticsearch.bootstrap.StartupException: java.lang.RuntimeException: can not run elasticsearch as root
	at org.elasticsearch.bootstrap.Elasticsearch.init(Elasticsearch.java:125) ~[elasticsearch-5.1.1.jar:5.1.1]
	at org.elasticsearch.bootstrap.Elasticsearch.execute(Elasticsearch.java:112) ~[elasticsearch-5.1.1.jar:5.1.1]
	at org.elasticsearch.cli.SettingCommand.execute(SettingCommand.java:54) ~[elasticsearch-5.1.1.jar:5.1.1]
	at org.elasticsearch.cli.Command.mainWithoutErrorHandling(Command.java:96) ~[elasticsearch-5.1.1.jar:5.1.1]
	at org.elasticsearch.cli.Command.main(Command.java:62) ~[elasticsearch-5.1.1.jar:5.1.1]
	at org.elasticsearch.bootstrap.Elasticsearch.main(Elasticsearch.java:89) ~[elasticsearch-5.1.1.jar:5.1.1]
	at org.elasticsearch.bootstrap.Elasticsearch.main(Elasticsearch.java:82) ~[elasticsearch-5.1.1.jar:5.1.1]
Caused by: java.lang.RuntimeException: can not run elasticsearch as root
	at org.elasticsearch.bootstrap.Bootstrap.initializeNatives(Bootstrap.java:100) ~[elasticsearch-5.1.1.jar:5.1.1]
	at org.elasticsearch.bootstrap.Bootstrap.setup(Bootstrap.java:176) ~[elasticsearch-5.1.1.jar:5.1.1]
	at org.elasticsearch.bootstrap.Bootstrap.init(Bootstrap.java:306) ~[elasticsearch-5.1.1.jar:5.1.1]
	at org.elasticsearch.bootstrap.Elasticsearch.init(Elasticsearch.java:121) ~[elasticsearch-5.1.1.jar:5.1.1]
	... 6 more
